<?xml version="1.0" encoding="UTF-8"?>
<ehcache xmlns:xsi="http://www.w3.org/2001/XMLSchema-instance" xsi:noNamespaceSchemaLocation="http://ehcache.sf.net/ehcache.xsd"> 
	<defaultCache 
		maxElementsInMemory="10000" 
		eternal="false"
		overflowToDisk="false"
		timeToIdleSeconds="10" 
		timeToLiveSeconds="60" 
		diskPersistent="false">
	</defaultCache> 
	
    <!-- BEGIN - Named caches declaration -->
    <cache name="query.ObjectLongTermCache"
	    maxElementsInMemory="5000"
	    eternal="false"
	    timeToLiveSeconds="3600"
	    overflowToDisk="false">
    </cache>
    
    <cache name="query.ObjectShortTermCache"
	    maxElementsInMemory="10000"
	    eternal="false"
	    timeToLiveSeconds="900"
	    overflowToDisk="false">
    </cache>
    
    <cache name="query.CollectionLongTermCache"
	    maxElementsInMemory="1000"
	    eternal="false"
	    timeToLiveSeconds="3600"
	    overflowToDisk="false">
    </cache>
    
    <cache name="query.CollectionShortTermCache"
	    maxElementsInMemory="2500"
	    eternal="false"
	    timeToLiveSeconds="900"
	    overflowToDisk="false">
    </cache>
    <!-- END - Named caches declaration -->
</ehcache>